#
# A fatal error has been detected by the Java Runtime Environment:
#
#  EXCEPTION_ACCESS_VIOLATION (0xc0000005) at pc=0x000000006d97f644, pid=4540, tid=2844
#
# JRE version: 6.0_35-b10
# Java VM: Java HotSpot(TM) 64-Bit Server VM (20.10-b01 mixed mode windows-amd64 compressed oops)
# Problematic frame:
# V  [jvm.dll+0xcf644]
#
# If you would like to submit a bug report, please visit:
#   http://java.sun.com/webapps/bugreport/crash.jsp
#

---------------  T H R E A D  ---------------

Current thread (0x000000000628d800):  VMThread [stack: 0x0000000006ce0000,0x0000000006de0000] [id=2844]

siginfo: ExceptionCode=0xc0000005, reading address 0x00000007f5cd0550

Registers:
RAX=0x00000000feb9a0aa, RBX=0x00000007f5cd0550, RCX=0x0000000000000003, RDX=0x00000007d5cd0570
RSP=0x0000000006ddf670, RBP=0x000000077b1d8130, RSI=0x00000007d5cd05a4, RDI=0x000000077b1d8128
R8 =0x0000000000000001, R9 =0x0000000008778960, R10=0x00000000000001fe, R11=0x0000000000000000
R12=0x00000007d5cd0570, R13=0x000000000057ce60, R14=0x00000000003cf680, R15=0x0000000000000012
RIP=0x000000006d97f644, EFLAGS=0x0000000000010206

Top of Stack: (sp=0x0000000006ddf670)
0x0000000006ddf670:   00000007d5cd043c 000000006d9c3b40
0x0000000006ddf680:   0000000000000003 000000000057ce60
0x0000000006ddf690:   00000007d5cd057c 000000006d99d70a
0x0000000006ddf6a0:   0000000000000003 000000000057c4b0
0x0000000006ddf6b0:   0000000008778960 00000000003ccc50
0x0000000006ddf6c0:   000000000057c4b0 000000006db030cb
0x0000000006ddf6d0:   00000007d5cd0570 0000000000000000
0x0000000006ddf6e0:   00000000003ccc50 0000000008778960
0x0000000006ddf6f0:   000000000057c4b0 000000006dc78b40
0x0000000006ddf700:   0000000000000000 000000000057c420
0x0000000006ddf710:   00000000003ccc50 000000006dfcc1e0
0x0000000006ddf720:   00000000003c9140 000000006dc868d2
0x0000000006ddf730:   000000006de7c068 0000000000000000
0x0000000006ddf740:   000000006dfcc1e0 0000000000000c01
0x0000000006ddf750:   0000000000010100 0000000000000000
0x0000000006ddf760:   00000000003ce000 0000000000000000 

Instructions: (pc=0x000000006d97f644)
0x000000006d97f624:   ec 20 8b 01 85 c0 0f 84 7e 01 00 00 0f b6 0d 09
0x000000006d97f634:   6c 63 00 48 8b d8 48 d3 e3 48 03 1d f4 6b 63 00
0x000000006d97f644:   48 8b 03 24 03 3c 03 0f 84 5d 01 00 00 48 8b 13
0x000000006d97f654:   48 c7 44 24 30 03 00 00 00 48 8b 44 24 30 48 89 


Register to memory mapping:

RAX=0x00000000feb9a0aa is an unknown value
RBX=0x00000007f5cd0550 is an unallocated location in the heap
RCX=0x0000000000000003 is an unknown value
RDX=0x00000007d5cd0570 is an oop
java.lang.Package 
 - klass: 'java/lang/Package'
RSP=0x0000000006ddf670 is an unknown value
RBP=0x000000077b1d8130 is an oop
java.lang.Class 
 - klass: 'java/lang/Class'
RSI=0x00000007d5cd05a4 is an unknown value
RDI=0x000000077b1d8128 is an oop
{instance class} 
 - klass: {other class}
R8 =0x0000000000000001 is an unknown value
R9 =0x0000000008778960 is an unknown value
R10=0x00000000000001fe is an unknown value
R11=0x0000000000000000 is an unknown value
R12=0x00000007d5cd0570 is an oop
java.lang.Package 
 - klass: 'java/lang/Package'
R13=0x000000000057ce60 is an unknown value
R14=0x00000000003cf680 is an unknown value
R15=0x0000000000000012 is an unknown value


Stack: [0x0000000006ce0000,0x0000000006de0000],  sp=0x0000000006ddf670,  free space=1021k
Native frames: (J=compiled Java code, j=interpreted, Vv=VM code, C=native code)
V  [jvm.dll+0xcf644]

VM_Operation (0x000000000212eb00): ParallelGCFailedAllocation, mode: safepoint, requested by thread 0x00000000003ce000


---------------  P R O C E S S  ---------------

Java Threads: ( => current thread )
  0x000000000630b800 JavaThread "Low Memory Detector" daemon [_thread_blocked, id=6356, stack(0x0000000007fe0000,0x00000000083e0000)]
  0x00000000062f8800 JavaThread "C2 CompilerThread1" daemon [_thread_blocked, id=2772, stack(0x0000000007ee0000,0x0000000007fe0000)]
  0x00000000062f1800 JavaThread "C2 CompilerThread0" daemon [_thread_blocked, id=5116, stack(0x0000000007de0000,0x0000000007ee0000)]
  0x00000000062f1000 JavaThread "Attach Listener" daemon [_thread_blocked, id=3580, stack(0x00000000079e0000,0x0000000007de0000)]
  0x00000000062f0000 JavaThread "Signal Dispatcher" daemon [_thread_blocked, id=6692, stack(0x00000000075e0000,0x00000000079e0000)]
  0x000000000629f000 JavaThread "Finalizer" daemon [_thread_blocked, id=5336, stack(0x00000000071e0000,0x00000000075e0000)]
  0x0000000006299000 JavaThread "Reference Handler" daemon [_thread_blocked, id=6100, stack(0x0000000006de0000,0x00000000071e0000)]
  0x00000000003ce000 JavaThread "main" [_thread_blocked, id=2816, stack(0x0000000001d30000,0x0000000002130000)]

Other Threads:
=>0x000000000628d800 VMThread [stack: 0x0000000006ce0000,0x0000000006de0000] [id=2844]
  0x000000000631d800 WatcherThread [stack: 0x00000000083e0000,0x00000000084e0000] [id=6636]

VM state:at safepoint (normal execution)

VM Mutex/Monitor currently owned by a thread:  ([mutex/lock_event])
[0x00000000003cbe50] Threads_lock - owner thread: 0x000000000628d800
[0x00000000003cc350] Heap_lock - owner thread: 0x00000000003ce000

Heap
 PSYoungGen      total 6656K, used 480K [0x00000007d5600000, 0x00000007d5d00000, 0x0000000800000000)
  eden space 6144K, 0% used [0x00000007d5600000,0x00000007d5600000,0x00000007d5c00000)
  from space 512K, 93% used [0x00000007d5c80000,0x00000007d5cf8010,0x00000007d5d00000)
  to   space 512K, 0% used [0x00000007d5c00000,0x00000007d5c00000,0x00000007d5c80000)
 PSOldGen        total 5504K, used 4452K [0x0000000780200000, 0x0000000780760000, 0x00000007d5600000)
  object space 5504K, 80% used [0x0000000780200000,0x00000007806592d0,0x0000000780760000)
 PSPermGen       total 21248K, used 6791K [0x000000077b000000, 0x000000077c4c0000, 0x0000000780200000)
  object space 21248K, 31% used [0x000000077b000000,0x000000077b6a1e08,0x000000077c4c0000)

Code Cache  [0x0000000002130000, 0x00000000023a0000, 0x0000000005130000)
 total_blobs=287 nmethods=74 adapters=166 free_code_cache=49802880 largest_free_block=13056

Dynamic libraries:
0x0000000000400000 - 0x000000000040c000 	C:\Program Files\Java\jdk1.6.0_35\bin\javac.exe
0x0000000077210000 - 0x00000000773b9000 	C:\Windows\SYSTEM32\ntdll.dll
0x0000000076ff0000 - 0x000000007710f000 	C:\Windows\system32\kernel32.dll
0x000007fefd380000 - 0x000007fefd3ec000 	C:\Windows\system32\KERNELBASE.dll
0x000000006d000000 - 0x000000006d01a000 	C:\Program Files\Java\jdk1.6.0_35\bin\jli.dll
0x000007fefdb10000 - 0x000007fefdbeb000 	C:\Windows\system32\ADVAPI32.dll
0x000007fefe5c0000 - 0x000007fefe65f000 	C:\Windows\system32\msvcrt.dll
0x000007fefe020000 - 0x000007fefe03f000 	C:\Windows\SYSTEM32\sechost.dll
0x000007fefd530000 - 0x000007fefd65d000 	C:\Windows\system32\RPCRT4.dll
0x000000006d8b0000 - 0x000000006e069000 	C:\Program Files\Java\jdk1.6.0_35\jre\bin\server\jvm.dll
0x0000000077110000 - 0x000000007720a000 	C:\Windows\system32\USER32.dll
0x000007fefd950000 - 0x000007fefd9b7000 	C:\Windows\system32\GDI32.dll
0x000007fefdc70000 - 0x000007fefdc7e000 	C:\Windows\system32\LPK.dll
0x000007fefda40000 - 0x000007fefdb09000 	C:\Windows\system32\USP10.dll
0x000007fefb2b0000 - 0x000007fefb2eb000 	C:\Windows\system32\WINMM.dll
0x000007fefd8c0000 - 0x000007fefd8ee000 	C:\Windows\system32\IMM32.DLL
0x000007fefdc90000 - 0x000007fefdd99000 	C:\Windows\system32\MSCTF.dll
0x000000006d820000 - 0x000000006d82e000 	C:\Program Files\Java\jdk1.6.0_35\jre\bin\verify.dll
0x000000006d450000 - 0x000000006d477000 	C:\Program Files\Java\jdk1.6.0_35\jre\bin\java.dll
0x000000006d870000 - 0x000000006d882000 	C:\Program Files\Java\jdk1.6.0_35\jre\bin\zip.dll
0x00000000773d0000 - 0x00000000773d7000 	C:\Windows\system32\PSAPI.DLL

VM Arguments:
jvm_args: -Dapplication.home=C:\Program Files\Java\jdk1.6.0_35 -Xms8m -Xss4m -ea:com.sun.tools... 
java_command: com.sun.tools.javac.Main -d C:\Users\dghevde\dev\hmac_encoder\build\classes -classpath C:\Users\dghevde\dev\hmac_encoder\build\classes;C:\Users\dghevde\dev\hmac_encoder\commons-codec-1.4.jar -sourcepath C:\Users\dghevde\dev\hmac_encoder\build\empty -target 1.6 -encoding UTF-8 -g -Xbootclasspath/p:C:\Users\dghevde\dev\hmac_encoder\${endorsed.classpath} -processorpath C:\Users\dghevde\dev\hmac_encoder\commons-codec-1.4.jar;C:\Users\dghevde\dev\hmac_encoder\build\empty -s C:\Users\dghevde\dev\hmac_encoder\build\generated-sources\ap-source-output -source 1.6 C:\Users\dghevde\dev\hmac_encoder\src\hmac_encoder\Encoder.java C:\Users\dghevde\dev\hmac_encoder\src\hmac_encoder\LWAccess.java C:\Users\dghevde\dev\hmac_encoder\src\hmac_encoder\SimpleLog.java
Launcher Type: SUN_STANDARD

Environment Variables:
JAVA_HOME=C:\Progra~1\Java\JDK16~1.0_2
JRE_HOME=C:\Program Files\Java\jdk1.6.0_24\jre
PATH=.;C:\Progra~1\Java\JDK16~1.0_2\bin;C:\Program Files (x86)\PHP\;C:\Windows\system32;C:\Windows;C:\Windows\System32\Wbem;C:\Windows\System32\WindowsPowerShell\v1.0\;C:\Program Files (x86)\NTRU Cryptosystems\NTRU TCG Software Stack\bin\;C:\Program Files\NTRU Cryptosystems\NTRU TCG Software Stack\bin\;C:\Program Files (x86)\Common Files\Roxio Shared\DLLShared\;C:\Program Files (x86)\Common Files\Roxio Shared\10.0\DLLShared\;C:\Program Files (x86)\WinMerge;C:\Program Files (x86)\QuickTime\QTSystem\;C:\Program Files\TortoiseSVN\bin
USERNAME=dghevde
OS=Windows_NT
PROCESSOR_IDENTIFIER=Intel64 Family 6 Model 30 Stepping 5, GenuineIntel



---------------  S Y S T E M  ---------------

OS: Windows 7 , 64 bit Build 7601 Service Pack 1

CPU:total 8 (4 cores per cpu, 2 threads per core) family 6 model 30 stepping 5, cmov, cx8, fxsr, mmx, sse, sse2, sse3, ssse3, sse4.1, sse4.2, popcnt, ht

Memory: 4k page, physical 8378196k(5108280k free), swap 16754540k(12117168k free)

vm_info: Java HotSpot(TM) 64-Bit Server VM (20.10-b01) for windows-amd64 JRE (1.6.0_35-b10), built on Aug 28 2012 16:50:10 by "java_re" with MS VC++ 8.0 (VS2005)

time: Tue Oct 16 14:48:17 2012
elapsed time: 0 seconds

